package configuration for openssl
cflags:  
ldflags: 
libs: -lssl -lcrypto -lz  

have_var: checking for rb_trap_immediate in ruby.h,rubysig.h... -------------------- no

"/usr/bin/gcc -o conftest -I/Users/simook/.rvm/rubies/ruby-1.9.3-p327/include/ruby-1.9.1/x86_64-darwin12.2.0 -I/Users/simook/.rvm/rubies/ruby-1.9.3-p327/include/ruby-1.9.1/ruby/backward -I/Users/simook/.rvm/rubies/ruby-1.9.3-p327/include/ruby-1.9.1 -I. -D_XOPEN_SOURCE -D_DARWIN_C_SOURCE   -I/Users/mpapis/.sm/pkg/active/include -pipe   conftest.c  -L. -L/Users/simook/.rvm/rubies/ruby-1.9.3-p327/lib -L. -Bstatic -L/Users/mpapis/.sm/pkg/active/lib    -arch x86_64   -lssl -lcrypto -lz   -lruby-static  -lpthread -ldl -lobjc "
ld: warning: directory not found for option '-L/Users/mpapis/.sm/pkg/active/lib'
checked program was:
/* begin */
1: #include "ruby.h"
2: 
3: int main() {return 0;}
/* end */

"/usr/bin/gcc -I/Users/simook/.rvm/rubies/ruby-1.9.3-p327/include/ruby-1.9.1/x86_64-darwin12.2.0 -I/Users/simook/.rvm/rubies/ruby-1.9.3-p327/include/ruby-1.9.1/ruby/backward -I/Users/simook/.rvm/rubies/ruby-1.9.3-p327/include/ruby-1.9.1 -I. -D_XOPEN_SOURCE -D_DARWIN_C_SOURCE   -I/Users/mpapis/.sm/pkg/active/include -pipe    -arch x86_64  -c conftest.c"
In file included from conftest.c:4:
/Users/simook/.rvm/rubies/ruby-1.9.3-p327/include/ruby-1.9.1/ruby/backward/rubysig.h:14:2: warning: #warning rubysig.h is obsolete
conftest.c: In function ‘t’:
conftest.c:8: error: ‘rb_trap_immediate’ undeclared (first use in this function)
conftest.c:8: error: (Each undeclared identifier is reported only once
conftest.c:8: error: for each function it appears in.)
checked program was:
/* begin */
1: #include "ruby.h"
2: 
3: #include <ruby.h>
4: #include <rubysig.h>
5: 
6: /*top*/
7: int main() {return 0;}
8: int t() { const volatile void *volatile p; p = &(&rb_trap_immediate)[0]; return 0; }
/* end */

--------------------

have_func: checking for rb_thread_blocking_region()... -------------------- yes

"/usr/bin/gcc -o conftest -I/Users/simook/.rvm/rubies/ruby-1.9.3-p327/include/ruby-1.9.1/x86_64-darwin12.2.0 -I/Users/simook/.rvm/rubies/ruby-1.9.3-p327/include/ruby-1.9.1/ruby/backward -I/Users/simook/.rvm/rubies/ruby-1.9.3-p327/include/ruby-1.9.1 -I. -D_XOPEN_SOURCE -D_DARWIN_C_SOURCE   -I/Users/mpapis/.sm/pkg/active/include -pipe   conftest.c  -L. -L/Users/simook/.rvm/rubies/ruby-1.9.3-p327/lib -L. -Bstatic -L/Users/mpapis/.sm/pkg/active/lib    -arch x86_64   -lssl -lcrypto -lz   -lruby-static  -lssl -lcrypto -lz   -lpthread -ldl -lobjc "
ld: warning: directory not found for option '-L/Users/mpapis/.sm/pkg/active/lib'
checked program was:
/* begin */
1: #include "ruby.h"
2: 
3: /*top*/
4: int main() {return 0;}
5: int t() { void ((*volatile p)()); p = (void ((*)()))rb_thread_blocking_region; return 0; }
/* end */

--------------------

have_func: checking for inotify_init() in sys/inotify.h... -------------------- no

"/usr/bin/gcc -o conftest -I/Users/simook/.rvm/rubies/ruby-1.9.3-p327/include/ruby-1.9.1/x86_64-darwin12.2.0 -I/Users/simook/.rvm/rubies/ruby-1.9.3-p327/include/ruby-1.9.1/ruby/backward -I/Users/simook/.rvm/rubies/ruby-1.9.3-p327/include/ruby-1.9.1 -I. -D_XOPEN_SOURCE -D_DARWIN_C_SOURCE   -I/Users/mpapis/.sm/pkg/active/include -pipe   conftest.c  -L. -L/Users/simook/.rvm/rubies/ruby-1.9.3-p327/lib -L. -Bstatic -L/Users/mpapis/.sm/pkg/active/lib    -arch x86_64   -lssl -lcrypto -lz   -lruby-static  -lssl -lcrypto -lz   -lpthread -ldl -lobjc "
conftest.c:3:25: error: sys/inotify.h: No such file or directory
conftest.c: In function ‘t’:
conftest.c:7: error: ‘inotify_init’ undeclared (first use in this function)
conftest.c:7: error: (Each undeclared identifier is reported only once
conftest.c:7: error: for each function it appears in.)
checked program was:
/* begin */
1: #include "ruby.h"
2: 
3: #include <sys/inotify.h>
4: 
5: /*top*/
6: int main() {return 0;}
7: int t() { void ((*volatile p)()); p = (void ((*)()))inotify_init; return 0; }
/* end */

"/usr/bin/gcc -o conftest -I/Users/simook/.rvm/rubies/ruby-1.9.3-p327/include/ruby-1.9.1/x86_64-darwin12.2.0 -I/Users/simook/.rvm/rubies/ruby-1.9.3-p327/include/ruby-1.9.1/ruby/backward -I/Users/simook/.rvm/rubies/ruby-1.9.3-p327/include/ruby-1.9.1 -I. -D_XOPEN_SOURCE -D_DARWIN_C_SOURCE   -I/Users/mpapis/.sm/pkg/active/include -pipe   conftest.c  -L. -L/Users/simook/.rvm/rubies/ruby-1.9.3-p327/lib -L. -Bstatic -L/Users/mpapis/.sm/pkg/active/lib    -arch x86_64   -lssl -lcrypto -lz   -lruby-static  -lssl -lcrypto -lz   -lpthread -ldl -lobjc "
conftest.c:3:25: error: sys/inotify.h: No such file or directory
checked program was:
/* begin */
1: #include "ruby.h"
2: 
3: #include <sys/inotify.h>
4: 
5: /*top*/
6: int main() {return 0;}
7: int t() { inotify_init(); return 0; }
/* end */

--------------------

have_macro: checking for __NR_inotify_init in sys/syscall.h... -------------------- no

"/usr/bin/gcc -I/Users/simook/.rvm/rubies/ruby-1.9.3-p327/include/ruby-1.9.1/x86_64-darwin12.2.0 -I/Users/simook/.rvm/rubies/ruby-1.9.3-p327/include/ruby-1.9.1/ruby/backward -I/Users/simook/.rvm/rubies/ruby-1.9.3-p327/include/ruby-1.9.1 -I. -D_XOPEN_SOURCE -D_DARWIN_C_SOURCE   -I/Users/mpapis/.sm/pkg/active/include -pipe    -arch x86_64  -c conftest.c"
conftest.c:6:3: error: #error 
conftest.c:7: error: expected identifier or ‘(’ before ‘>>’ token
checked program was:
/* begin */
1: #include "ruby.h"
2: 
3: #include <sys/syscall.h>
4: /*top*/
5: #ifndef __NR_inotify_init
6: # error
7: >>>>>> __NR_inotify_init undefined <<<<<<
8: #endif
/* end */

--------------------

have_func: checking for writev() in sys/uio.h... -------------------- yes

"/usr/bin/gcc -o conftest -I/Users/simook/.rvm/rubies/ruby-1.9.3-p327/include/ruby-1.9.1/x86_64-darwin12.2.0 -I/Users/simook/.rvm/rubies/ruby-1.9.3-p327/include/ruby-1.9.1/ruby/backward -I/Users/simook/.rvm/rubies/ruby-1.9.3-p327/include/ruby-1.9.1 -I. -D_XOPEN_SOURCE -D_DARWIN_C_SOURCE   -I/Users/mpapis/.sm/pkg/active/include -pipe   conftest.c  -L. -L/Users/simook/.rvm/rubies/ruby-1.9.3-p327/lib -L. -Bstatic -L/Users/mpapis/.sm/pkg/active/lib    -arch x86_64   -lssl -lcrypto -lz   -lruby-static  -lssl -lcrypto -lz   -lpthread -ldl -lobjc "
ld: warning: directory not found for option '-L/Users/mpapis/.sm/pkg/active/lib'
checked program was:
/* begin */
1: #include "ruby.h"
2: 
3: #include <sys/uio.h>
4: 
5: /*top*/
6: int main() {return 0;}
7: int t() { void ((*volatile p)()); p = (void ((*)()))writev; return 0; }
/* end */

--------------------

have_func: checking for rb_thread_check_ints()... -------------------- yes

"/usr/bin/gcc -o conftest -I/Users/simook/.rvm/rubies/ruby-1.9.3-p327/include/ruby-1.9.1/x86_64-darwin12.2.0 -I/Users/simook/.rvm/rubies/ruby-1.9.3-p327/include/ruby-1.9.1/ruby/backward -I/Users/simook/.rvm/rubies/ruby-1.9.3-p327/include/ruby-1.9.1 -I. -D_XOPEN_SOURCE -D_DARWIN_C_SOURCE   -I/Users/mpapis/.sm/pkg/active/include -pipe   conftest.c  -L. -L/Users/simook/.rvm/rubies/ruby-1.9.3-p327/lib -L. -Bstatic -L/Users/mpapis/.sm/pkg/active/lib    -arch x86_64   -lssl -lcrypto -lz   -lruby-static  -lssl -lcrypto -lz   -lpthread -ldl -lobjc "
ld: warning: directory not found for option '-L/Users/mpapis/.sm/pkg/active/lib'
checked program was:
/* begin */
1: #include "ruby.h"
2: 
3: /*top*/
4: int main() {return 0;}
5: int t() { void ((*volatile p)()); p = (void ((*)()))rb_thread_check_ints; return 0; }
/* end */

--------------------

have_func: checking for rb_time_new()... -------------------- yes

"/usr/bin/gcc -o conftest -I/Users/simook/.rvm/rubies/ruby-1.9.3-p327/include/ruby-1.9.1/x86_64-darwin12.2.0 -I/Users/simook/.rvm/rubies/ruby-1.9.3-p327/include/ruby-1.9.1/ruby/backward -I/Users/simook/.rvm/rubies/ruby-1.9.3-p327/include/ruby-1.9.1 -I. -D_XOPEN_SOURCE -D_DARWIN_C_SOURCE   -I/Users/mpapis/.sm/pkg/active/include -pipe   conftest.c  -L. -L/Users/simook/.rvm/rubies/ruby-1.9.3-p327/lib -L. -Bstatic -L/Users/mpapis/.sm/pkg/active/lib    -arch x86_64   -lssl -lcrypto -lz   -lruby-static  -lssl -lcrypto -lz   -lpthread -ldl -lobjc "
ld: warning: directory not found for option '-L/Users/mpapis/.sm/pkg/active/lib'
checked program was:
/* begin */
1: #include "ruby.h"
2: 
3: /*top*/
4: int main() {return 0;}
5: int t() { void ((*volatile p)()); p = (void ((*)()))rb_time_new; return 0; }
/* end */

--------------------

have_header: checking for sys/event.h... -------------------- yes

"/usr/bin/gcc -E -I/Users/simook/.rvm/rubies/ruby-1.9.3-p327/include/ruby-1.9.1/x86_64-darwin12.2.0 -I/Users/simook/.rvm/rubies/ruby-1.9.3-p327/include/ruby-1.9.1/ruby/backward -I/Users/simook/.rvm/rubies/ruby-1.9.3-p327/include/ruby-1.9.1 -I. -D_XOPEN_SOURCE -D_DARWIN_C_SOURCE   -I/Users/mpapis/.sm/pkg/active/include -pipe    conftest.c -o conftest.i"
checked program was:
/* begin */
1: #include "ruby.h"
2: 
3: #include <sys/event.h>
/* end */

--------------------

have_header: checking for sys/queue.h... -------------------- yes

"/usr/bin/gcc -E -I/Users/simook/.rvm/rubies/ruby-1.9.3-p327/include/ruby-1.9.1/x86_64-darwin12.2.0 -I/Users/simook/.rvm/rubies/ruby-1.9.3-p327/include/ruby-1.9.1/ruby/backward -I/Users/simook/.rvm/rubies/ruby-1.9.3-p327/include/ruby-1.9.1 -I. -D_XOPEN_SOURCE -D_DARWIN_C_SOURCE   -I/Users/mpapis/.sm/pkg/active/include -pipe    conftest.c -o conftest.i"
checked program was:
/* begin */
1: #include "ruby.h"
2: 
3: #include <sys/queue.h>
/* end */

--------------------

"g++ -o conftest -I/Users/simook/.rvm/rubies/ruby-1.9.3-p327/include/ruby-1.9.1/x86_64-darwin12.2.0 -I/Users/simook/.rvm/rubies/ruby-1.9.3-p327/include/ruby-1.9.1/ruby/backward -I/Users/simook/.rvm/rubies/ruby-1.9.3-p327/include/ruby-1.9.1 -I. -D_XOPEN_SOURCE -D_DARWIN_C_SOURCE   -I/Users/mpapis/.sm/pkg/active/include -pipe   conftest.c  -L. -L/Users/simook/.rvm/rubies/ruby-1.9.3-p327/lib -L. -Bstatic -L/Users/mpapis/.sm/pkg/active/lib    -arch x86_64   -lssl -lcrypto -lz   -lruby-static -lstdc++ -lpthread -ldl -lobjc "
ld: warning: directory not found for option '-L/Users/mpapis/.sm/pkg/active/lib'
checked program was:
/* begin */
1: #include "ruby.h"
2: 
3:   #include <utility>
4:   using namespace std;
5:   int main(){ pair<int,int> tuple = make_pair(1,2); }
/* end */

