have_header: checking for vm_core.h... -------------------- no

"/usr/bin/gcc -o conftest -I/Users/simook/.rvm/rubies/ruby-1.9.3-p327/include/ruby-1.9.1/x86_64-darwin12.2.0 -I/Users/simook/.rvm/rubies/ruby-1.9.3-p327/include/ruby-1.9.1/ruby/backward -I/Users/simook/.rvm/rubies/ruby-1.9.3-p327/include/ruby-1.9.1 -I. -D_XOPEN_SOURCE -D_DARWIN_C_SOURCE   -I/Users/mpapis/.sm/pkg/active/include -pipe conftest.c  -L. -L/Users/simook/.rvm/rubies/ruby-1.9.3-p327/lib -L. -Bstatic -L/Users/mpapis/.sm/pkg/active/lib   -arch x86_64   -lruby-static  -lpthread -ldl -lobjc "
ld: warning: directory not found for option '-L/Users/mpapis/.sm/pkg/active/lib'
checked program was:
/* begin */
1: #include "ruby.h"
2: 
3: int main() {return 0;}
/* end */

"/usr/bin/gcc -E -I/Users/simook/.rvm/rubies/ruby-1.9.3-p327/include/ruby-1.9.1/x86_64-darwin12.2.0 -I/Users/simook/.rvm/rubies/ruby-1.9.3-p327/include/ruby-1.9.1/ruby/backward -I/Users/simook/.rvm/rubies/ruby-1.9.3-p327/include/ruby-1.9.1 -I. -D_XOPEN_SOURCE -D_DARWIN_C_SOURCE   -I/Users/mpapis/.sm/pkg/active/include -pipe  conftest.c -o conftest.i"
conftest.c:3:21: error: vm_core.h: No such file or directory
checked program was:
/* begin */
1: #include "ruby.h"
2: 
3: #include <vm_core.h>
/* end */

--------------------

have_header: checking for vm_core.h... -------------------- no

"/usr/bin/gcc -E -I/Users/simook/.rvm/rubies/ruby-1.9.3-p327/include/ruby-1.9.1/x86_64-darwin12.2.0 -I/Users/simook/.rvm/rubies/ruby-1.9.3-p327/include/ruby-1.9.1/ruby/backward -I/Users/simook/.rvm/rubies/ruby-1.9.3-p327/include/ruby-1.9.1 -I. -I/Users/simook/.rvm/rubies/ruby-1.9.3-p327/include/ruby-1.9.1/ruby-1.9.3-p327 -I/Users/mpapis/.sm/pkg/active/include -pipe  conftest.c -o conftest.i"
conftest.c:3:21: error: vm_core.h: No such file or directory
checked program was:
/* begin */
1: #include "ruby.h"
2: 
3: #include <vm_core.h>
/* end */

--------------------

have_header: checking for vm_core.h... -------------------- yes

"/usr/bin/gcc -E -I/Users/simook/.rvm/rubies/ruby-1.9.3-p327/include/ruby-1.9.1/x86_64-darwin12.2.0 -I/Users/simook/.rvm/rubies/ruby-1.9.3-p327/include/ruby-1.9.1/ruby/backward -I/Users/simook/.rvm/rubies/ruby-1.9.3-p327/include/ruby-1.9.1 -I. -I/Users/simook/Desktop/Projects/dmp_site/vendor/cache/ruby/1.9.1/gems/debugger-ruby_core_source-1.1.5/lib/debugger/ruby_core_source/ruby-1.9.3-p327 -I/Users/mpapis/.sm/pkg/active/include -pipe  conftest.c -o conftest.i"
checked program was:
/* begin */
1: #include "ruby.h"
2: 
3: #include <vm_core.h>
/* end */

--------------------

have_header: checking for version.h... -------------------- yes

"/usr/bin/gcc -E -I/Users/simook/.rvm/rubies/ruby-1.9.3-p327/include/ruby-1.9.1/x86_64-darwin12.2.0 -I/Users/simook/.rvm/rubies/ruby-1.9.3-p327/include/ruby-1.9.1/ruby/backward -I/Users/simook/.rvm/rubies/ruby-1.9.3-p327/include/ruby-1.9.1 -I. -I/Users/simook/Desktop/Projects/dmp_site/vendor/cache/ruby/1.9.1/gems/debugger-ruby_core_source-1.1.5/lib/debugger/ruby_core_source/ruby-1.9.3-p327 -I/Users/mpapis/.sm/pkg/active/include -pipe  conftest.c -o conftest.i"
checked program was:
/* begin */
1: #include "ruby.h"
2: 
3: #include <version.h>
/* end */

--------------------

